[2019-01-14 03:13:07.645] [exthost1] [info] extension host started
[2019-01-14 03:13:07.662] [exthost1] [info] ExtensionService#_doActivateExtension vscode.debug-auto-launch {"startup":true,"activationEvent":"*"}
[2019-01-14 03:13:07.663] [exthost1] [info] ExtensionService#loadCommonJSModule c:\Users\Peter\.codemix\engine\resources\app\extensions\debug-auto-launch\out\extension
[2019-01-14 03:13:08.166] [exthost1] [info] ExtensionService#_doActivateExtension vscode.emmet {"startup":true,"activationEvent":"*"}
[2019-01-14 03:13:08.166] [exthost1] [info] ExtensionService#loadCommonJSModule c:\Users\Peter\.codemix\engine\resources\app\extensions\emmet\dist\extension
[2019-01-14 03:13:08.207] [exthost1] [info] ExtensionService#_doActivateExtension vscode.merge-conflict {"startup":true,"activationEvent":"*"}
[2019-01-14 03:13:08.207] [exthost1] [info] ExtensionService#loadCommonJSModule c:\Users\Peter\.codemix\engine\resources\app\extensions\merge-conflict\out\extension
[2019-01-14 03:13:08.632] [exthost1] [info] ExtensionService#_doActivateExtension vscode.search-rg {"startup":true,"activationEvent":"*"}
[2019-01-14 03:13:08.632] [exthost1] [info] ExtensionService#loadCommonJSModule c:\Users\Peter\.codemix\engine\resources\app\extensions\search-rg\out\extension
[2019-01-14 03:13:09.337] [exthost1] [info] eager extensions activated
[2019-01-14 03:13:09.338] [exthost1] [info] ExtensionService#_doActivateExtension vscode.configuration-editing {"startup":false,"activationEvent":"onLanguage:jsonc"}
[2019-01-14 03:13:09.338] [exthost1] [info] ExtensionService#loadCommonJSModule c:\Users\Peter\.codemix\engine\resources\app\extensions\configuration-editing\out\extension
[2019-01-14 03:13:09.773] [exthost1] [info] ExtensionService#_doActivateExtension vscode.json-language-features {"startup":false,"activationEvent":"onLanguage:jsonc"}
[2019-01-14 03:13:09.773] [exthost1] [info] ExtensionService#loadCommonJSModule c:\Users\Peter\.codemix\engine\resources\app\extensions\json-language-features\client\dist\jsonMain
[2019-01-14 03:13:12.361] [exthost1] [info] ExtensionService#_doActivateExtension vscode.typescript-language-features {"startup":false,"activationEvent":"onLanguage:jsonc"}
[2019-01-14 03:13:12.361] [exthost1] [info] ExtensionService#loadCommonJSModule c:\Users\Peter\.codemix\engine\resources\app\extensions\typescript-language-features\dist\extension
[2019-01-14 03:13:14.907] [exthost1] [info] ExtensionService#_doActivateExtension vscode.grunt {"startup":false,"activationEvent":"onCommand:workbench.action.tasks.runTask"}
[2019-01-14 03:13:14.907] [exthost1] [info] ExtensionService#loadCommonJSModule c:\Users\Peter\.codemix\engine\resources\app\extensions\grunt\out\main
[2019-01-14 03:13:14.925] [exthost1] [info] ExtensionService#_doActivateExtension vscode.gulp {"startup":false,"activationEvent":"onCommand:workbench.action.tasks.runTask"}
[2019-01-14 03:13:14.925] [exthost1] [info] ExtensionService#loadCommonJSModule c:\Users\Peter\.codemix\engine\resources\app\extensions\gulp\out\main
[2019-01-14 03:13:14.965] [exthost1] [info] ExtensionService#_doActivateExtension vscode.jake {"startup":false,"activationEvent":"onCommand:workbench.action.tasks.runTask"}
[2019-01-14 03:13:14.965] [exthost1] [info] ExtensionService#loadCommonJSModule c:\Users\Peter\.codemix\engine\resources\app\extensions\jake\out\main
[2019-01-14 03:13:15.008] [exthost1] [info] ExtensionService#_doActivateExtension vscode.npm {"startup":false,"activationEvent":"onCommand:workbench.action.tasks.runTask"}
[2019-01-14 03:13:15.008] [exthost1] [info] ExtensionService#loadCommonJSModule c:\Users\Peter\.codemix\engine\resources\app\extensions\npm\out\main
